android/app/build/intermediates/manifest_merge_blame_file/release/manifest-merger-blame-release-report.txt
1<?xml version="1.0" encoding="utf-8"?>
2<manifest xmlns:android="http://schemas.android.com/apk/res/android"
3    package="com.example.waste2green"
4    android:versionCode="1"
5    android:versionName="1.0" >
6
7    <uses-sdk
8        android:minSdkVersion="21"
9        android:targetSdkVersion="34" />
10
11    <uses-permission android:name="android.permission.INTERNET" />
11-->src\main\AndroidManifest.xml:3:5-66
11-->src\main\AndroidManifest.xml:3:22-64
12    <uses-permission android:name="android.permission.READ_EXTERNAL_STORAGE" />
12-->src\main\AndroidManifest.xml:4:5-79
12-->src\main\AndroidManifest.xml:4:22-77
13    <uses-permission android:name="android.permission.CAMERA" />
13-->src\main\AndroidManifest.xml:5:5-64
13-->src\main\AndroidManifest.xml:5:22-62
14    <!-- See https://developer.android.com/training/package-visibility/declaring for more details. -->
15    <queries>
15-->[com.stripe:financial-connections:20.52.2] AndroidManifest.xml:10:5-18:15
16
17        <!-- Added to check the default browser that will host the AuthFlow. -->
18        <intent>
18-->[com.stripe:financial-connections:20.52.2] AndroidManifest.xml:13:9-17:18
19            <action android:name="android.intent.action.VIEW" />
19-->[com.stripe:financial-connections:20.52.2] AndroidManifest.xml:14:13-65
19-->[com.stripe:financial-connections:20.52.2] AndroidManifest.xml:14:21-62
20
21            <data android:scheme="http" />
21-->[com.stripe:financial-connections:20.52.2] AndroidManifest.xml:16:13-43
21-->[com.stripe:financial-connections:20.52.2] AndroidManifest.xml:16:19-40
22        </intent>
23        <!-- Added to check if Chrome is installed for browser-based payment authentication (e.g. 3DS1). -->
24        <package android:name="com.android.chrome" /> <!-- Needs to be explicitly declared on Android R+ -->
24-->[com.stripe:payments-core:20.52.2] AndroidManifest.xml:11:9-54
24-->[com.stripe:payments-core:20.52.2] AndroidManifest.xml:11:18-51
25        <package android:name="com.google.android.apps.maps" />
25-->[com.google.android.gms:play-services-maps:18.0.2] AndroidManifest.xml:33:9-64
25-->[com.google.android.gms:play-services-maps:18.0.2] AndroidManifest.xml:33:18-61
26    </queries> <!-- Include required permissions for Google Maps API to run. -->
27    <uses-permission android:name="android.permission.ACCESS_NETWORK_STATE" />
27-->[com.google.android.gms:play-services-maps:18.0.2] AndroidManifest.xml:23:5-79
27-->[com.google.android.gms:play-services-maps:18.0.2] AndroidManifest.xml:23:22-76
28
29    <uses-feature
29-->[com.google.android.gms:play-services-maps:18.0.2] AndroidManifest.xml:26:5-28:35
30        android:glEsVersion="0x00020000"
30-->[com.google.android.gms:play-services-maps:18.0.2] AndroidManifest.xml:27:9-41
31        android:required="true" />
31-->[com.google.android.gms:play-services-maps:18.0.2] AndroidManifest.xml:28:9-32
32
33    <permission
33-->[androidx.core:core:1.13.1] AndroidManifest.xml:22:5-24:47
34        android:name="com.example.waste2green.DYNAMIC_RECEIVER_NOT_EXPORTED_PERMISSION"
34-->[androidx.core:core:1.13.1] AndroidManifest.xml:23:9-81
35        android:protectionLevel="signature" />
35-->[androidx.core:core:1.13.1] AndroidManifest.xml:24:9-44
36
37    <uses-permission android:name="com.example.waste2green.DYNAMIC_RECEIVER_NOT_EXPORTED_PERMISSION" />
37-->[androidx.core:core:1.13.1] AndroidManifest.xml:26:5-97
37-->[androidx.core:core:1.13.1] AndroidManifest.xml:26:22-94
38
39    <application
40        android:name="android.app.Application"
40-->src\main\AndroidManifest.xml:8:9-42
41        android:appComponentFactory="androidx.core.app.CoreComponentFactory"
41-->[androidx.core:core:1.13.1] AndroidManifest.xml:28:18-86
42        android:extractNativeLibs="true"
43        android:icon="@mipmap/ic_launcher"
43-->src\main\AndroidManifest.xml:9:9-43
44        android:label="Waste2Green" >
44-->src\main\AndroidManifest.xml:10:9-36
45        <activity
45-->src\main\AndroidManifest.xml:12:9-29:20
46            android:name="com.example.waste2green.MainActivity"
46-->src\main\AndroidManifest.xml:13:13-41
47            android:configChanges="orientation|keyboardHidden|keyboard|screenSize|smallestScreenSize|locale|layoutDirection|fontScale|screenLayout|density|uiMode"
47-->src\main\AndroidManifest.xml:14:13-163
48            android:exported="true"
48-->src\main\AndroidManifest.xml:15:13-36
49            android:hardwareAccelerated="true"
49-->src\main\AndroidManifest.xml:16:13-47
50            android:launchMode="singleTop"
50-->src\main\AndroidManifest.xml:17:13-43
51            android:theme="@style/LaunchTheme"
51-->src\main\AndroidManifest.xml:18:13-47
52            android:windowSoftInputMode="adjustResize" >
52-->src\main\AndroidManifest.xml:19:13-55
53            <meta-data
53-->src\main\AndroidManifest.xml:21:13-23:57
54                android:name="io.flutter.embedding.android.NormalTheme"
54-->src\main\AndroidManifest.xml:22:17-72
55                android:resource="@style/NormalTheme" />
55-->src\main\AndroidManifest.xml:23:17-54
56
57            <intent-filter>
57-->src\main\AndroidManifest.xml:25:13-28:29
58                <action android:name="android.intent.action.MAIN" />
58-->src\main\AndroidManifest.xml:26:17-69
58-->src\main\AndroidManifest.xml:26:25-66
59
60                <category android:name="android.intent.category.LAUNCHER" />
60-->src\main\AndroidManifest.xml:27:17-77
60-->src\main\AndroidManifest.xml:27:27-74
61            </intent-filter>
62        </activity>
63
64        <meta-data
64-->src\main\AndroidManifest.xml:31:9-33:33
65            android:name="flutterEmbedding"
65-->src\main\AndroidManifest.xml:32:13-44
66            android:value="2" />
66-->src\main\AndroidManifest.xml:33:13-30
67
68        <provider
68-->[:image_picker_android] AndroidManifest.xml:9:9-17:20
69            android:name="io.flutter.plugins.imagepicker.ImagePickerFileProvider"
69-->[:image_picker_android] AndroidManifest.xml:10:13-82
70            android:authorities="com.example.waste2green.flutter.image_provider"
70-->[:image_picker_android] AndroidManifest.xml:11:13-74
71            android:exported="false"
71-->[:image_picker_android] AndroidManifest.xml:12:13-37
72            android:grantUriPermissions="true" >
72-->[:image_picker_android] AndroidManifest.xml:13:13-47
73            <meta-data
73-->[:image_picker_android] AndroidManifest.xml:14:13-16:75
74                android:name="android.support.FILE_PROVIDER_PATHS"
74-->[:image_picker_android] AndroidManifest.xml:15:17-67
75                android:resource="@xml/flutter_image_picker_file_paths" />
75-->[:image_picker_android] AndroidManifest.xml:16:17-72
76        </provider> <!-- Trigger Google Play services to install the backported photo picker module. -->
77        <service
77-->[:image_picker_android] AndroidManifest.xml:19:9-31:19
78            android:name="com.google.android.gms.metadata.ModuleDependencies"
78-->[:image_picker_android] AndroidManifest.xml:20:13-78
79            android:enabled="false"
79-->[:image_picker_android] AndroidManifest.xml:21:13-36
80            android:exported="false" >
80-->[:image_picker_android] AndroidManifest.xml:22:13-37
81            <intent-filter>
81-->[:image_picker_android] AndroidManifest.xml:24:13-26:29
82                <action android:name="com.google.android.gms.metadata.MODULE_DEPENDENCIES" />
82-->[:image_picker_android] AndroidManifest.xml:25:17-94
82-->[:image_picker_android] AndroidManifest.xml:25:25-91
83            </intent-filter>
84
85            <meta-data
85-->[:image_picker_android] AndroidManifest.xml:28:13-30:36
86                android:name="photopicker_activity:0:required"
86-->[:image_picker_android] AndroidManifest.xml:29:17-63
87                android:value="" />
87-->[:image_picker_android] AndroidManifest.xml:30:17-33
88        </service>
89        <service
89-->[:geolocator_android] AndroidManifest.xml:8:9-12:56
90            android:name="com.baseflow.geolocator.GeolocatorLocationService"
90-->[:geolocator_android] AndroidManifest.xml:9:13-77
91            android:enabled="true"
91-->[:geolocator_android] AndroidManifest.xml:10:13-35
92            android:exported="false"
92-->[:geolocator_android] AndroidManifest.xml:11:13-37
93            android:foregroundServiceType="location" />
93-->[:geolocator_android] AndroidManifest.xml:12:13-53
94
95        <activity
95-->[com.stripe:financial-connections:20.52.2] AndroidManifest.xml:21:9-65:20
96            android:name="com.stripe.android.financialconnections.FinancialConnectionsSheetRedirectActivity"
96-->[com.stripe:financial-connections:20.52.2] AndroidManifest.xml:22:13-109
97            android:exported="true"
97-->[com.stripe:financial-connections:20.52.2] AndroidManifest.xml:23:13-36
98            android:launchMode="singleTask" >
98-->[com.stripe:financial-connections:20.52.2] AndroidManifest.xml:24:13-44
99            <intent-filter>
99-->[com.stripe:financial-connections:20.52.2] AndroidManifest.xml:25:13-64:29
100                <action android:name="android.intent.action.VIEW" />
100-->[com.stripe:financial-connections:20.52.2] AndroidManifest.xml:14:13-65
100-->[com.stripe:financial-connections:20.52.2] AndroidManifest.xml:14:21-62
101
102                <category android:name="android.intent.category.DEFAULT" />
102-->[com.stripe:financial-connections:20.52.2] AndroidManifest.xml:28:17-76
102-->[com.stripe:financial-connections:20.52.2] AndroidManifest.xml:28:27-73
103                <category android:name="android.intent.category.BROWSABLE" />
103-->[com.stripe:financial-connections:20.52.2] AndroidManifest.xml:29:17-78
103-->[com.stripe:financial-connections:20.52.2] AndroidManifest.xml:29:27-75
104
105                <!-- Returning from app2app: return_url is triggered to reopen web AuthFlow and poll accounts. -->
106                <data
106-->[com.stripe:financial-connections:20.52.2] AndroidManifest.xml:16:13-43
107                    android:host="link-accounts"
108                    android:pathPrefix="/com.example.waste2green/authentication_return"
109                    android:scheme="stripe-auth" />
109-->[com.stripe:financial-connections:20.52.2] AndroidManifest.xml:16:19-40
110
111                <!-- Returning from app2app: return_url is triggered to reopen native AuthFlow and poll accounts. -->
112                <data
112-->[com.stripe:financial-connections:20.52.2] AndroidManifest.xml:16:13-43
113                    android:host="link-native-accounts"
114                    android:pathPrefix="/com.example.waste2green/authentication_return"
115                    android:scheme="stripe-auth" />
115-->[com.stripe:financial-connections:20.52.2] AndroidManifest.xml:16:19-40
116
117                <!-- End of web AuthFlow success and cancel URIs that begin with "stripe-auth://link-accounts/{app-id}/...” -->
118                <data
118-->[com.stripe:financial-connections:20.52.2] AndroidManifest.xml:16:13-43
119                    android:host="link-accounts"
120                    android:path="/com.example.waste2green/success"
121                    android:scheme="stripe-auth" />
121-->[com.stripe:financial-connections:20.52.2] AndroidManifest.xml:16:19-40
122                <data
122-->[com.stripe:financial-connections:20.52.2] AndroidManifest.xml:16:13-43
123                    android:host="link-accounts"
124                    android:path="/com.example.waste2green/cancel"
125                    android:scheme="stripe-auth" />
125-->[com.stripe:financial-connections:20.52.2] AndroidManifest.xml:16:19-40
126
127                <!-- Opening app2app: Web flow triggers stripe-auth://native-redirect/{app-id}/http://web-that-redirects-to-native -->
128                <data
128-->[com.stripe:financial-connections:20.52.2] AndroidManifest.xml:16:13-43
129                    android:host="native-redirect"
130                    android:pathPrefix="/com.example.waste2green"
131                    android:scheme="stripe-auth" />
131-->[com.stripe:financial-connections:20.52.2] AndroidManifest.xml:16:19-40
132
133                <!-- Accepts success/cancel/fail URIs that begin with "stripe://auth-redirect” -->
134                <data
134-->[com.stripe:financial-connections:20.52.2] AndroidManifest.xml:16:13-43
135                    android:host="auth-redirect"
136                    android:pathPrefix="/com.example.waste2green"
137                    android:scheme="stripe" />
137-->[com.stripe:financial-connections:20.52.2] AndroidManifest.xml:16:19-40
138            </intent-filter>
139        </activity>
140        <activity
140-->[com.stripe:financial-connections:20.52.2] AndroidManifest.xml:66:9-69:77
141            android:name="com.stripe.android.financialconnections.FinancialConnectionsSheetActivity"
141-->[com.stripe:financial-connections:20.52.2] AndroidManifest.xml:67:13-101
142            android:exported="false"
142-->[com.stripe:financial-connections:20.52.2] AndroidManifest.xml:68:13-37
143            android:theme="@style/StripeFinancialConnectionsDefaultTheme" />
143-->[com.stripe:financial-connections:20.52.2] AndroidManifest.xml:69:13-74
144        <activity
144-->[com.stripe:financial-connections:20.52.2] AndroidManifest.xml:70:9-74:58
145            android:name="com.stripe.android.financialconnections.ui.FinancialConnectionsSheetNativeActivity"
145-->[com.stripe:financial-connections:20.52.2] AndroidManifest.xml:71:13-110
146            android:exported="false"
146-->[com.stripe:financial-connections:20.52.2] AndroidManifest.xml:72:13-37
147            android:theme="@style/StripeFinancialConnectionsDefaultTheme"
147-->[com.stripe:financial-connections:20.52.2] AndroidManifest.xml:73:13-74
148            android:windowSoftInputMode="adjustResize" />
148-->[com.stripe:financial-connections:20.52.2] AndroidManifest.xml:74:13-55
149        <activity
149-->[com.stripe:paymentsheet:20.52.2] AndroidManifest.xml:8:9-11:69
150            android:name="com.stripe.android.paymentsheet.PaymentSheetActivity"
150-->[com.stripe:paymentsheet:20.52.2] AndroidManifest.xml:9:13-80
151            android:exported="false"
151-->[com.stripe:paymentsheet:20.52.2] AndroidManifest.xml:10:13-37
152            android:theme="@style/StripePaymentSheetDefaultTheme" />
152-->[com.stripe:paymentsheet:20.52.2] AndroidManifest.xml:11:13-66
153        <activity
153-->[com.stripe:paymentsheet:20.52.2] AndroidManifest.xml:12:9-15:69
154            android:name="com.stripe.android.paymentsheet.PaymentOptionsActivity"
154-->[com.stripe:paymentsheet:20.52.2] AndroidManifest.xml:13:13-82
155            android:exported="false"
155-->[com.stripe:paymentsheet:20.52.2] AndroidManifest.xml:14:13-37
156            android:theme="@style/StripePaymentSheetDefaultTheme" />
156-->[com.stripe:paymentsheet:20.52.2] AndroidManifest.xml:15:13-66
157        <activity
157-->[com.stripe:paymentsheet:20.52.2] AndroidManifest.xml:16:9-19:69
158            android:name="com.stripe.android.customersheet.CustomerSheetActivity"
158-->[com.stripe:paymentsheet:20.52.2] AndroidManifest.xml:17:13-82
159            android:exported="false"
159-->[com.stripe:paymentsheet:20.52.2] AndroidManifest.xml:18:13-37
160            android:theme="@style/StripePaymentSheetDefaultTheme" />
160-->[com.stripe:paymentsheet:20.52.2] AndroidManifest.xml:19:13-66
161        <activity
161-->[com.stripe:paymentsheet:20.52.2] AndroidManifest.xml:20:9-23:69
162            android:name="com.stripe.android.paymentsheet.addresselement.AddressElementActivity"
162-->[com.stripe:paymentsheet:20.52.2] AndroidManifest.xml:21:13-97
163            android:exported="false"
163-->[com.stripe:paymentsheet:20.52.2] AndroidManifest.xml:22:13-37
164            android:theme="@style/StripePaymentSheetDefaultTheme" />
164-->[com.stripe:paymentsheet:20.52.2] AndroidManifest.xml:23:13-66
165        <activity
165-->[com.stripe:paymentsheet:20.52.2] AndroidManifest.xml:24:9-27:69
166            android:name="com.stripe.android.paymentsheet.paymentdatacollection.bacs.BacsMandateConfirmationActivity"
166-->[com.stripe:paymentsheet:20.52.2] AndroidManifest.xml:25:13-118
167            android:exported="false"
167-->[com.stripe:paymentsheet:20.52.2] AndroidManifest.xml:26:13-37
168            android:theme="@style/StripePaymentSheetDefaultTheme" />
168-->[com.stripe:paymentsheet:20.52.2] AndroidManifest.xml:27:13-66
169        <activity
169-->[com.stripe:paymentsheet:20.52.2] AndroidManifest.xml:28:9-31:69
170            android:name="com.stripe.android.paymentsheet.paymentdatacollection.polling.PollingActivity"
170-->[com.stripe:paymentsheet:20.52.2] AndroidManifest.xml:29:13-105
171            android:exported="false"
171-->[com.stripe:paymentsheet:20.52.2] AndroidManifest.xml:30:13-37
172            android:theme="@style/StripePaymentSheetDefaultTheme" />
172-->[com.stripe:paymentsheet:20.52.2] AndroidManifest.xml:31:13-66
173        <activity
173-->[com.stripe:paymentsheet:20.52.2] AndroidManifest.xml:32:9-35:69
174            android:name="com.stripe.android.paymentsheet.ui.SepaMandateActivity"
174-->[com.stripe:paymentsheet:20.52.2] AndroidManifest.xml:33:13-82
175            android:exported="false"
175-->[com.stripe:paymentsheet:20.52.2] AndroidManifest.xml:34:13-37
176            android:theme="@style/StripePaymentSheetDefaultTheme" />
176-->[com.stripe:paymentsheet:20.52.2] AndroidManifest.xml:35:13-66
177        <activity
177-->[com.stripe:paymentsheet:20.52.2] AndroidManifest.xml:36:9-39:68
178            android:name="com.stripe.android.paymentsheet.ExternalPaymentMethodProxyActivity"
178-->[com.stripe:paymentsheet:20.52.2] AndroidManifest.xml:37:13-94
179            android:exported="false"
179-->[com.stripe:paymentsheet:20.52.2] AndroidManifest.xml:38:13-37
180            android:theme="@style/StripePayLauncherDefaultTheme" />
180-->[com.stripe:paymentsheet:20.52.2] AndroidManifest.xml:39:13-65
181        <activity
181-->[com.stripe:paymentsheet:20.52.2] AndroidManifest.xml:40:9-42:69
182            android:name="com.stripe.android.paymentsheet.paymentdatacollection.cvcrecollection.CvcRecollectionActivity"
182-->[com.stripe:paymentsheet:20.52.2] AndroidManifest.xml:41:13-121
183            android:theme="@style/StripePaymentSheetDefaultTheme" />
183-->[com.stripe:paymentsheet:20.52.2] AndroidManifest.xml:42:13-66
184        <activity
184-->[com.stripe:link:20.52.2] AndroidManifest.xml:8:9-13:61
185            android:name="com.stripe.android.link.LinkActivity"
185-->[com.stripe:link:20.52.2] AndroidManifest.xml:9:13-64
186            android:autoRemoveFromRecents="true"
186-->[com.stripe:link:20.52.2] AndroidManifest.xml:10:13-49
187            android:configChanges="orientation|keyboard|keyboardHidden|screenLayout|screenSize|smallestScreenSize"
187-->[com.stripe:link:20.52.2] AndroidManifest.xml:11:13-115
188            android:launchMode="singleTop"
188-->[com.stripe:link:20.52.2] AndroidManifest.xml:12:13-43
189            android:theme="@style/StripeTransparentTheme" />
189-->[com.stripe:link:20.52.2] AndroidManifest.xml:13:13-58
190        <activity
190-->[com.stripe:link:20.52.2] AndroidManifest.xml:14:9-19:61
191            android:name="com.stripe.android.link.LinkForegroundActivity"
191-->[com.stripe:link:20.52.2] AndroidManifest.xml:15:13-74
192            android:autoRemoveFromRecents="true"
192-->[com.stripe:link:20.52.2] AndroidManifest.xml:16:13-49
193            android:configChanges="orientation|keyboard|keyboardHidden|screenLayout|screenSize|smallestScreenSize"
193-->[com.stripe:link:20.52.2] AndroidManifest.xml:17:13-115
194            android:launchMode="singleTop"
194-->[com.stripe:link:20.52.2] AndroidManifest.xml:18:13-43
195            android:theme="@style/StripeTransparentTheme" />
195-->[com.stripe:link:20.52.2] AndroidManifest.xml:19:13-58
196        <activity
196-->[com.stripe:link:20.52.2] AndroidManifest.xml:20:9-37:20
197            android:name="com.stripe.android.link.LinkRedirectHandlerActivity"
197-->[com.stripe:link:20.52.2] AndroidManifest.xml:21:13-79
198            android:autoRemoveFromRecents="true"
198-->[com.stripe:link:20.52.2] AndroidManifest.xml:22:13-49
199            android:exported="true"
199-->[com.stripe:link:20.52.2] AndroidManifest.xml:23:13-36
200            android:launchMode="singleInstance"
200-->[com.stripe:link:20.52.2] AndroidManifest.xml:24:13-48
201            android:theme="@style/StripeTransparentTheme" >
201-->[com.stripe:link:20.52.2] AndroidManifest.xml:25:13-58
202            <intent-filter>
202-->[com.stripe:link:20.52.2] AndroidManifest.xml:26:13-36:29
203                <action android:name="android.intent.action.VIEW" />
203-->[com.stripe:financial-connections:20.52.2] AndroidManifest.xml:14:13-65
203-->[com.stripe:financial-connections:20.52.2] AndroidManifest.xml:14:21-62
204
205                <category android:name="android.intent.category.DEFAULT" />
205-->[com.stripe:financial-connections:20.52.2] AndroidManifest.xml:28:17-76
205-->[com.stripe:financial-connections:20.52.2] AndroidManifest.xml:28:27-73
206                <category android:name="android.intent.category.BROWSABLE" />
206-->[com.stripe:financial-connections:20.52.2] AndroidManifest.xml:29:17-78
206-->[com.stripe:financial-connections:20.52.2] AndroidManifest.xml:29:27-75
207
208                <data
208-->[com.stripe:financial-connections:20.52.2] AndroidManifest.xml:16:13-43
209                    android:host="complete"
210                    android:path="/com.example.waste2green"
211                    android:scheme="link-popup" />
211-->[com.stripe:financial-connections:20.52.2] AndroidManifest.xml:16:19-40
212            </intent-filter>
213        </activity>
214        <activity
214-->[com.stripe:payments-ui-core:20.52.2] AndroidManifest.xml:8:9-11:69
215            android:name="com.stripe.android.ui.core.cardscan.CardScanActivity"
215-->[com.stripe:payments-ui-core:20.52.2] AndroidManifest.xml:9:13-80
216            android:exported="false"
216-->[com.stripe:payments-ui-core:20.52.2] AndroidManifest.xml:10:13-37
217            android:theme="@style/StripePaymentSheetDefaultTheme" />
217-->[com.stripe:payments-ui-core:20.52.2] AndroidManifest.xml:11:13-66
218        <activity
218-->[com.stripe:payments-core:20.52.2] AndroidManifest.xml:15:9-18:57
219            android:name="com.stripe.android.view.AddPaymentMethodActivity"
219-->[com.stripe:payments-core:20.52.2] AndroidManifest.xml:16:13-76
220            android:exported="false"
220-->[com.stripe:payments-core:20.52.2] AndroidManifest.xml:17:13-37
221            android:theme="@style/StripeDefaultTheme" />
221-->[com.stripe:payments-core:20.52.2] AndroidManifest.xml:18:13-54
222        <activity
222-->[com.stripe:payments-core:20.52.2] AndroidManifest.xml:19:9-22:57
223            android:name="com.stripe.android.view.PaymentMethodsActivity"
223-->[com.stripe:payments-core:20.52.2] AndroidManifest.xml:20:13-74
224            android:exported="false"
224-->[com.stripe:payments-core:20.52.2] AndroidManifest.xml:21:13-37
225            android:theme="@style/StripeDefaultTheme" />
225-->[com.stripe:payments-core:20.52.2] AndroidManifest.xml:22:13-54
226        <activity
226-->[com.stripe:payments-core:20.52.2] AndroidManifest.xml:23:9-26:57
227            android:name="com.stripe.android.view.PaymentFlowActivity"
227-->[com.stripe:payments-core:20.52.2] AndroidManifest.xml:24:13-71
228            android:exported="false"
228-->[com.stripe:payments-core:20.52.2] AndroidManifest.xml:25:13-37
229            android:theme="@style/StripeDefaultTheme" />
229-->[com.stripe:payments-core:20.52.2] AndroidManifest.xml:26:13-54
230        <activity
230-->[com.stripe:payments-core:20.52.2] AndroidManifest.xml:27:9-30:57
231            android:name="com.stripe.android.view.PaymentAuthWebViewActivity"
231-->[com.stripe:payments-core:20.52.2] AndroidManifest.xml:28:13-78
232            android:exported="false"
232-->[com.stripe:payments-core:20.52.2] AndroidManifest.xml:29:13-37
233            android:theme="@style/StripeDefaultTheme" />
233-->[com.stripe:payments-core:20.52.2] AndroidManifest.xml:30:13-54
234        <activity
234-->[com.stripe:payments-core:20.52.2] AndroidManifest.xml:31:9-34:61
235            android:name="com.stripe.android.view.PaymentRelayActivity"
235-->[com.stripe:payments-core:20.52.2] AndroidManifest.xml:32:13-72
236            android:exported="false"
236-->[com.stripe:payments-core:20.52.2] AndroidManifest.xml:33:13-37
237            android:theme="@style/StripeTransparentTheme" />
237-->[com.stripe:payments-core:20.52.2] AndroidManifest.xml:34:13-58
238        <!--
239        Set android:launchMode="singleTop" so that the StripeBrowserLauncherActivity instance that
240        launched the browser Activity will also handle the return URL deep link.
241        -->
242        <activity
242-->[com.stripe:payments-core:20.52.2] AndroidManifest.xml:40:9-44:61
243            android:name="com.stripe.android.payments.StripeBrowserLauncherActivity"
243-->[com.stripe:payments-core:20.52.2] AndroidManifest.xml:41:13-85
244            android:exported="false"
244-->[com.stripe:payments-core:20.52.2] AndroidManifest.xml:42:13-37
245            android:launchMode="singleTask"
245-->[com.stripe:payments-core:20.52.2] AndroidManifest.xml:43:13-44
246            android:theme="@style/StripeTransparentTheme" />
246-->[com.stripe:payments-core:20.52.2] AndroidManifest.xml:44:13-58
247        <activity
247-->[com.stripe:payments-core:20.52.2] AndroidManifest.xml:45:9-62:20
248            android:name="com.stripe.android.payments.StripeBrowserProxyReturnActivity"
248-->[com.stripe:payments-core:20.52.2] AndroidManifest.xml:46:13-88
249            android:exported="true"
249-->[com.stripe:payments-core:20.52.2] AndroidManifest.xml:47:13-36
250            android:launchMode="singleTask"
250-->[com.stripe:payments-core:20.52.2] AndroidManifest.xml:48:13-44
251            android:theme="@style/StripeTransparentTheme" >
251-->[com.stripe:payments-core:20.52.2] AndroidManifest.xml:49:13-58
252            <intent-filter>
252-->[com.stripe:payments-core:20.52.2] AndroidManifest.xml:50:13-61:29
253                <action android:name="android.intent.action.VIEW" />
253-->[com.stripe:financial-connections:20.52.2] AndroidManifest.xml:14:13-65
253-->[com.stripe:financial-connections:20.52.2] AndroidManifest.xml:14:21-62
254
255                <category android:name="android.intent.category.DEFAULT" />
255-->[com.stripe:financial-connections:20.52.2] AndroidManifest.xml:28:17-76
255-->[com.stripe:financial-connections:20.52.2] AndroidManifest.xml:28:27-73
256                <category android:name="android.intent.category.BROWSABLE" />
256-->[com.stripe:financial-connections:20.52.2] AndroidManifest.xml:29:17-78
256-->[com.stripe:financial-connections:20.52.2] AndroidManifest.xml:29:27-75
257
258                <!-- Must match `DefaultReturnUrl#value`. -->
259                <data
259-->[com.stripe:financial-connections:20.52.2] AndroidManifest.xml:16:13-43
260                    android:host="payment_return_url"
261                    android:path="/com.example.waste2green"
262                    android:scheme="stripesdk" />
262-->[com.stripe:financial-connections:20.52.2] AndroidManifest.xml:16:19-40
263            </intent-filter>
264        </activity>
265        <activity
265-->[com.stripe:payments-core:20.52.2] AndroidManifest.xml:63:9-66:57
266            android:name="com.stripe.android.payments.core.authentication.threeds2.Stripe3ds2TransactionActivity"
266-->[com.stripe:payments-core:20.52.2] AndroidManifest.xml:64:13-114
267            android:exported="false"
267-->[com.stripe:payments-core:20.52.2] AndroidManifest.xml:65:13-37
268            android:theme="@style/StripeDefaultTheme" />
268-->[com.stripe:payments-core:20.52.2] AndroidManifest.xml:66:13-54
269        <activity
269-->[com.stripe:payments-core:20.52.2] AndroidManifest.xml:67:9-70:66
270            android:name="com.stripe.android.googlepaylauncher.GooglePayLauncherActivity"
270-->[com.stripe:payments-core:20.52.2] AndroidManifest.xml:68:13-90
271            android:exported="false"
271-->[com.stripe:payments-core:20.52.2] AndroidManifest.xml:69:13-37
272            android:theme="@style/StripeGooglePayDefaultTheme" />
272-->[com.stripe:payments-core:20.52.2] AndroidManifest.xml:70:13-63
273        <activity
273-->[com.stripe:payments-core:20.52.2] AndroidManifest.xml:71:9-74:66
274            android:name="com.stripe.android.googlepaylauncher.GooglePayPaymentMethodLauncherActivity"
274-->[com.stripe:payments-core:20.52.2] AndroidManifest.xml:72:13-103
275            android:exported="false"
275-->[com.stripe:payments-core:20.52.2] AndroidManifest.xml:73:13-37
276            android:theme="@style/StripeGooglePayDefaultTheme" />
276-->[com.stripe:payments-core:20.52.2] AndroidManifest.xml:74:13-63
277        <activity
277-->[com.stripe:payments-core:20.52.2] AndroidManifest.xml:75:9-78:68
278            android:name="com.stripe.android.payments.paymentlauncher.PaymentLauncherConfirmationActivity"
278-->[com.stripe:payments-core:20.52.2] AndroidManifest.xml:76:13-107
279            android:exported="false"
279-->[com.stripe:payments-core:20.52.2] AndroidManifest.xml:77:13-37
280            android:theme="@style/StripePayLauncherDefaultTheme" />
280-->[com.stripe:payments-core:20.52.2] AndroidManifest.xml:78:13-65
281        <activity
281-->[com.stripe:payments-core:20.52.2] AndroidManifest.xml:79:9-82:61
282            android:name="com.stripe.android.payments.bankaccount.ui.CollectBankAccountActivity"
282-->[com.stripe:payments-core:20.52.2] AndroidManifest.xml:80:13-97
283            android:exported="false"
283-->[com.stripe:payments-core:20.52.2] AndroidManifest.xml:81:13-37
284            android:theme="@style/StripeTransparentTheme" /> <!-- Needs to be explicitly declared on P+ -->
284-->[com.stripe:payments-core:20.52.2] AndroidManifest.xml:82:13-58
285        <uses-library